[2019-09-11 19:08:10.982] [renderer1] [error] <semantic> TypeScript Server Error (3.6.2)
Debug Failure.
Error: Debug Failure.
    at Object.assertDefined (tsserver.js:2101:24)
    at getRangeToExtract (tsserver.js:122796:43)
    at Object.getAvailableActions (tsserver.js:122760:28)
    at tsserver.js:115823:128
    at getIterator (tsserver.js:637:23)
    at Object.next (tsserver.js:632:35)
    at Object.arrayFrom (tsserver.js:1276:88)
    at Object.getApplicableRefactors (tsserver.js:115822:23)
    at Object.getApplicableRefactors (tsserver.js:126023:32)
    at IOSession.Session.getApplicableRefactors (tsserver.js:134935:53)
    at Session.handlers.ts.createMapFromTemplate._a.(anonymous function) (tsserver.js:133790:61)
    at tsserver.js:135178:88
    at IOSession.Session.executeWithRequestId (tsserver.js:135169:28)
    at IOSession.Session.executeCommand (tsserver.js:135178:33)
    at IOSession.Session.onMessage (tsserver.js:135201:35)
    at Interface.<anonymous> (tsserver.js:136516:27)
    at Interface.emit (events.js:182:13)
    at Interface._onLine (readline.js:290:10)
    at Interface._normalWrite (readline.js:433:12)
    at Socket.ondata (readline.js:149:10)
    at Socket.emit (events.js:182:13)
    at addChunk (_stream_readable.js:283:12)
    at readableAddChunk (_stream_readable.js:264:11)
    at Socket.Readable.push (_stream_readable.js:219:10)
    at Pipe.onStreamRead [as onread] (internal/stream_base_commons.js:94:17): Error: <semantic> TypeScript Server Error (3.6.2)
Debug Failure.
Error: Debug Failure.
    at Object.assertDefined (tsserver.js:2101:24)
    at getRangeToExtract (tsserver.js:122796:43)
    at Object.getAvailableActions (tsserver.js:122760:28)
    at tsserver.js:115823:128
    at getIterator (tsserver.js:637:23)
    at Object.next (tsserver.js:632:35)
    at Object.arrayFrom (tsserver.js:1276:88)
    at Object.getApplicableRefactors (tsserver.js:115822:23)
    at Object.getApplicableRefactors (tsserver.js:126023:32)
    at IOSession.Session.getApplicableRefactors (tsserver.js:134935:53)
    at Session.handlers.ts.createMapFromTemplate._a.(anonymous function) (tsserver.js:133790:61)
    at tsserver.js:135178:88
    at IOSession.Session.executeWithRequestId (tsserver.js:135169:28)
    at IOSession.Session.executeCommand (tsserver.js:135178:33)
    at IOSession.Session.onMessage (tsserver.js:135201:35)
    at Interface.<anonymous> (tsserver.js:136516:27)
    at Interface.emit (events.js:182:13)
    at Interface._onLine (readline.js:290:10)
    at Interface._normalWrite (readline.js:433:12)
    at Socket.ondata (readline.js:149:10)
    at Socket.emit (events.js:182:13)
    at addChunk (_stream_readable.js:283:12)
    at readableAddChunk (_stream_readable.js:264:11)
    at Socket.Readable.push (_stream_readable.js:219:10)
    at Pipe.onStreamRead [as onread] (internal/stream_base_commons.js:94:17)
	at Function.create (/usr/share/code/resources/app/extensions/typescript-language-features/dist/extension.js:53:63463)
	at h.dispatchResponse (/usr/share/code/resources/app/extensions/typescript-language-features/dist/extension.js:53:56618)
	at h.dispatchMessage (/usr/share/code/resources/app/extensions/typescript-language-features/dist/extension.js:53:55516)
	at constructor._reader.onData.e (/usr/share/code/resources/app/extensions/typescript-language-features/dist/extension.js:53:54992)
	at u.fire (/usr/share/code/resources/app/out/vs/workbench/services/extensions/node/extensionHostProcess.js:50:207)
	at t.Reader.onLengthData (/usr/share/code/resources/app/extensions/typescript-language-features/dist/extension.js:53:61683)
	at Socket.t.Reader.constructor.e.on.e (/usr/share/code/resources/app/extensions/typescript-language-features/dist/extension.js:53:61331)
	at Socket.emit (events.js:182:13)
	at addChunk (_stream_readable.js:283:12)
	at readableAddChunk (_stream_readable.js:264:11)
	at Socket.Readable.push (_stream_readable.js:219:10)
	at Pipe.onStreamRead [as onread] (internal/stream_base_commons.js:94:17)
[2019-09-11 19:09:11.090] [renderer1] [error] <semantic> TypeScript Server Error (3.6.2)
Debug Failure.
Error: Debug Failure.
    at Object.assertDefined (tsserver.js:2101:24)
    at getRangeToExtract (tsserver.js:122796:43)
    at Object.getAvailableActions (tsserver.js:122760:28)
    at tsserver.js:115823:128
    at getIterator (tsserver.js:637:23)
    at Object.next (tsserver.js:632:35)
    at Object.arrayFrom (tsserver.js:1276:88)
    at Object.getApplicableRefactors (tsserver.js:115822:23)
    at Object.getApplicableRefactors (tsserver.js:126023:32)
    at IOSession.Session.getApplicableRefactors (tsserver.js:134935:53)
    at Session.handlers.ts.createMapFromTemplate._a.(anonymous function) (tsserver.js:133790:61)
    at tsserver.js:135178:88
    at IOSession.Session.executeWithRequestId (tsserver.js:135169:28)
    at IOSession.Session.executeCommand (tsserver.js:135178:33)
    at IOSession.Session.onMessage (tsserver.js:135201:35)
    at Interface.<anonymous> (tsserver.js:136516:27)
    at Interface.emit (events.js:182:13)
    at Interface._onLine (readline.js:290:10)
    at Interface._normalWrite (readline.js:433:12)
    at Socket.ondata (readline.js:149:10)
    at Socket.emit (events.js:182:13)
    at addChunk (_stream_readable.js:283:12)
    at readableAddChunk (_stream_readable.js:264:11)
    at Socket.Readable.push (_stream_readable.js:219:10)
    at Pipe.onStreamRead [as onread] (internal/stream_base_commons.js:94:17): Error: <semantic> TypeScript Server Error (3.6.2)
Debug Failure.
Error: Debug Failure.
    at Object.assertDefined (tsserver.js:2101:24)
    at getRangeToExtract (tsserver.js:122796:43)
    at Object.getAvailableActions (tsserver.js:122760:28)
    at tsserver.js:115823:128
    at getIterator (tsserver.js:637:23)
    at Object.next (tsserver.js:632:35)
    at Object.arrayFrom (tsserver.js:1276:88)
    at Object.getApplicableRefactors (tsserver.js:115822:23)
    at Object.getApplicableRefactors (tsserver.js:126023:32)
    at IOSession.Session.getApplicableRefactors (tsserver.js:134935:53)
    at Session.handlers.ts.createMapFromTemplate._a.(anonymous function) (tsserver.js:133790:61)
    at tsserver.js:135178:88
    at IOSession.Session.executeWithRequestId (tsserver.js:135169:28)
    at IOSession.Session.executeCommand (tsserver.js:135178:33)
    at IOSession.Session.onMessage (tsserver.js:135201:35)
    at Interface.<anonymous> (tsserver.js:136516:27)
    at Interface.emit (events.js:182:13)
    at Interface._onLine (readline.js:290:10)
    at Interface._normalWrite (readline.js:433:12)
    at Socket.ondata (readline.js:149:10)
    at Socket.emit (events.js:182:13)
    at addChunk (_stream_readable.js:283:12)
    at readableAddChunk (_stream_readable.js:264:11)
    at Socket.Readable.push (_stream_readable.js:219:10)
    at Pipe.onStreamRead [as onread] (internal/stream_base_commons.js:94:17)
	at Function.create (/usr/share/code/resources/app/extensions/typescript-language-features/dist/extension.js:53:63463)
	at h.dispatchResponse (/usr/share/code/resources/app/extensions/typescript-language-features/dist/extension.js:53:56618)
	at h.dispatchMessage (/usr/share/code/resources/app/extensions/typescript-language-features/dist/extension.js:53:55516)
	at constructor._reader.onData.e (/usr/share/code/resources/app/extensions/typescript-language-features/dist/extension.js:53:54992)
	at u.fire (/usr/share/code/resources/app/out/vs/workbench/services/extensions/node/extensionHostProcess.js:50:207)
	at t.Reader.onLengthData (/usr/share/code/resources/app/extensions/typescript-language-features/dist/extension.js:53:61683)
	at Socket.t.Reader.constructor.e.on.e (/usr/share/code/resources/app/extensions/typescript-language-features/dist/extension.js:53:61331)
	at Socket.emit (events.js:182:13)
	at addChunk (_stream_readable.js:283:12)
	at readableAddChunk (_stream_readable.js:264:11)
	at Socket.Readable.push (_stream_readable.js:219:10)
	at Pipe.onStreamRead [as onread] (internal/stream_base_commons.js:94:17)
[2019-09-11 19:09:21.980] [renderer1] [error] <semantic> TypeScript Server Error (3.6.2)
Debug Failure.
Error: Debug Failure.
    at Object.assertDefined (tsserver.js:2101:24)
    at getRangeToExtract (tsserver.js:122796:43)
    at Object.getAvailableActions (tsserver.js:122760:28)
    at tsserver.js:115823:128
    at getIterator (tsserver.js:637:23)
    at Object.next (tsserver.js:632:35)
    at Object.arrayFrom (tsserver.js:1276:88)
    at Object.getApplicableRefactors (tsserver.js:115822:23)
    at Object.getApplicableRefactors (tsserver.js:126023:32)
    at IOSession.Session.getApplicableRefactors (tsserver.js:134935:53)
    at Session.handlers.ts.createMapFromTemplate._a.(anonymous function) (tsserver.js:133790:61)
    at tsserver.js:135178:88
    at IOSession.Session.executeWithRequestId (tsserver.js:135169:28)
    at IOSession.Session.executeCommand (tsserver.js:135178:33)
    at IOSession.Session.onMessage (tsserver.js:135201:35)
    at Interface.<anonymous> (tsserver.js:136516:27)
    at Interface.emit (events.js:182:13)
    at Interface._onLine (readline.js:290:10)
    at Interface._normalWrite (readline.js:433:12)
    at Socket.ondata (readline.js:149:10)
    at Socket.emit (events.js:182:13)
    at addChunk (_stream_readable.js:283:12)
    at readableAddChunk (_stream_readable.js:264:11)
    at Socket.Readable.push (_stream_readable.js:219:10)
    at Pipe.onStreamRead [as onread] (internal/stream_base_commons.js:94:17): Error: <semantic> TypeScript Server Error (3.6.2)
Debug Failure.
Error: Debug Failure.
    at Object.assertDefined (tsserver.js:2101:24)
    at getRangeToExtract (tsserver.js:122796:43)
    at Object.getAvailableActions (tsserver.js:122760:28)
    at tsserver.js:115823:128
    at getIterator (tsserver.js:637:23)
    at Object.next (tsserver.js:632:35)
    at Object.arrayFrom (tsserver.js:1276:88)
    at Object.getApplicableRefactors (tsserver.js:115822:23)
    at Object.getApplicableRefactors (tsserver.js:126023:32)
    at IOSession.Session.getApplicableRefactors (tsserver.js:134935:53)
    at Session.handlers.ts.createMapFromTemplate._a.(anonymous function) (tsserver.js:133790:61)
    at tsserver.js:135178:88
    at IOSession.Session.executeWithRequestId (tsserver.js:135169:28)
    at IOSession.Session.executeCommand (tsserver.js:135178:33)
    at IOSession.Session.onMessage (tsserver.js:135201:35)
    at Interface.<anonymous> (tsserver.js:136516:27)
    at Interface.emit (events.js:182:13)
    at Interface._onLine (readline.js:290:10)
    at Interface._normalWrite (readline.js:433:12)
    at Socket.ondata (readline.js:149:10)
    at Socket.emit (events.js:182:13)
    at addChunk (_stream_readable.js:283:12)
    at readableAddChunk (_stream_readable.js:264:11)
    at Socket.Readable.push (_stream_readable.js:219:10)
    at Pipe.onStreamRead [as onread] (internal/stream_base_commons.js:94:17)
	at Function.create (/usr/share/code/resources/app/extensions/typescript-language-features/dist/extension.js:53:63463)
	at h.dispatchResponse (/usr/share/code/resources/app/extensions/typescript-language-features/dist/extension.js:53:56618)
	at h.dispatchMessage (/usr/share/code/resources/app/extensions/typescript-language-features/dist/extension.js:53:55516)
	at constructor._reader.onData.e (/usr/share/code/resources/app/extensions/typescript-language-features/dist/extension.js:53:54992)
	at u.fire (/usr/share/code/resources/app/out/vs/workbench/services/extensions/node/extensionHostProcess.js:50:207)
	at t.Reader.onLengthData (/usr/share/code/resources/app/extensions/typescript-language-features/dist/extension.js:53:61683)
	at Socket.t.Reader.constructor.e.on.e (/usr/share/code/resources/app/extensions/typescript-language-features/dist/extension.js:53:61331)
	at Socket.emit (events.js:182:13)
	at addChunk (_stream_readable.js:283:12)
	at readableAddChunk (_stream_readable.js:264:11)
	at Socket.Readable.push (_stream_readable.js:219:10)
	at Pipe.onStreamRead [as onread] (internal/stream_base_commons.js:94:17)
[2019-09-11 19:09:25.754] [renderer1] [error] <semantic> TypeScript Server Error (3.6.2)
Debug Failure.
Error: Debug Failure.
    at Object.assertDefined (tsserver.js:2101:24)
    at getRangeToExtract (tsserver.js:122796:43)
    at Object.getAvailableActions (tsserver.js:122760:28)
    at tsserver.js:115823:128
    at getIterator (tsserver.js:637:23)
    at Object.next (tsserver.js:632:35)
    at Object.arrayFrom (tsserver.js:1276:88)
    at Object.getApplicableRefactors (tsserver.js:115822:23)
    at Object.getApplicableRefactors (tsserver.js:126023:32)
    at IOSession.Session.getApplicableRefactors (tsserver.js:134935:53)
    at Session.handlers.ts.createMapFromTemplate._a.(anonymous function) (tsserver.js:133790:61)
    at tsserver.js:135178:88
    at IOSession.Session.executeWithRequestId (tsserver.js:135169:28)
    at IOSession.Session.executeCommand (tsserver.js:135178:33)
    at IOSession.Session.onMessage (tsserver.js:135201:35)
    at Interface.<anonymous> (tsserver.js:136516:27)
    at Interface.emit (events.js:182:13)
    at Interface._onLine (readline.js:290:10)
    at Interface._normalWrite (readline.js:433:12)
    at Socket.ondata (readline.js:149:10)
    at Socket.emit (events.js:182:13)
    at addChunk (_stream_readable.js:283:12)
    at readableAddChunk (_stream_readable.js:264:11)
    at Socket.Readable.push (_stream_readable.js:219:10)
    at Pipe.onStreamRead [as onread] (internal/stream_base_commons.js:94:17): Error: <semantic> TypeScript Server Error (3.6.2)
Debug Failure.
Error: Debug Failure.
    at Object.assertDefined (tsserver.js:2101:24)
    at getRangeToExtract (tsserver.js:122796:43)
    at Object.getAvailableActions (tsserver.js:122760:28)
    at tsserver.js:115823:128
    at getIterator (tsserver.js:637:23)
    at Object.next (tsserver.js:632:35)
    at Object.arrayFrom (tsserver.js:1276:88)
    at Object.getApplicableRefactors (tsserver.js:115822:23)
    at Object.getApplicableRefactors (tsserver.js:126023:32)
    at IOSession.Session.getApplicableRefactors (tsserver.js:134935:53)
    at Session.handlers.ts.createMapFromTemplate._a.(anonymous function) (tsserver.js:133790:61)
    at tsserver.js:135178:88
    at IOSession.Session.executeWithRequestId (tsserver.js:135169:28)
    at IOSession.Session.executeCommand (tsserver.js:135178:33)
    at IOSession.Session.onMessage (tsserver.js:135201:35)
    at Interface.<anonymous> (tsserver.js:136516:27)
    at Interface.emit (events.js:182:13)
    at Interface._onLine (readline.js:290:10)
    at Interface._normalWrite (readline.js:433:12)
    at Socket.ondata (readline.js:149:10)
    at Socket.emit (events.js:182:13)
    at addChunk (_stream_readable.js:283:12)
    at readableAddChunk (_stream_readable.js:264:11)
    at Socket.Readable.push (_stream_readable.js:219:10)
    at Pipe.onStreamRead [as onread] (internal/stream_base_commons.js:94:17)
	at Function.create (/usr/share/code/resources/app/extensions/typescript-language-features/dist/extension.js:53:63463)
	at h.dispatchResponse (/usr/share/code/resources/app/extensions/typescript-language-features/dist/extension.js:53:56618)
	at h.dispatchMessage (/usr/share/code/resources/app/extensions/typescript-language-features/dist/extension.js:53:55516)
	at constructor._reader.onData.e (/usr/share/code/resources/app/extensions/typescript-language-features/dist/extension.js:53:54992)
	at u.fire (/usr/share/code/resources/app/out/vs/workbench/services/extensions/node/extensionHostProcess.js:50:207)
	at t.Reader.onLengthData (/usr/share/code/resources/app/extensions/typescript-language-features/dist/extension.js:53:61683)
	at Socket.t.Reader.constructor.e.on.e (/usr/share/code/resources/app/extensions/typescript-language-features/dist/extension.js:53:61331)
	at Socket.emit (events.js:182:13)
	at addChunk (_stream_readable.js:283:12)
	at readableAddChunk (_stream_readable.js:264:11)
	at Socket.Readable.push (_stream_readable.js:219:10)
	at Pipe.onStreamRead [as onread] (internal/stream_base_commons.js:94:17)
[2019-09-11 19:09:26.000] [renderer1] [error] <semantic> TypeScript Server Error (3.6.2)
Debug Failure.
Error: Debug Failure.
    at Object.assertDefined (tsserver.js:2101:24)
    at getRangeToExtract (tsserver.js:122796:43)
    at Object.getAvailableActions (tsserver.js:122760:28)
    at tsserver.js:115823:128
    at getIterator (tsserver.js:637:23)
    at Object.next (tsserver.js:632:35)
    at Object.arrayFrom (tsserver.js:1276:40)
    at Object.getApplicableRefactors (tsserver.js:115822:23)
    at Object.getApplicableRefactors (tsserver.js:126023:32)
    at IOSession.Session.getApplicableRefactors (tsserver.js:134935:53)
    at Session.handlers.ts.createMapFromTemplate._a.(anonymous function) (tsserver.js:133790:61)
    at tsserver.js:135178:88
    at IOSession.Session.executeWithRequestId (tsserver.js:135169:28)
    at IOSession.Session.executeCommand (tsserver.js:135178:33)
    at IOSession.Session.onMessage (tsserver.js:135201:35)
    at Interface.<anonymous> (tsserver.js:136516:27)
    at Interface.emit (events.js:182:13)
    at Interface._onLine (readline.js:290:10)
    at Interface._normalWrite (readline.js:433:12)
    at Socket.ondata (readline.js:149:10)
    at Socket.emit (events.js:182:13)
    at addChunk (_stream_readable.js:283:12)
    at readableAddChunk (_stream_readable.js:264:11)
    at Socket.Readable.push (_stream_readable.js:219:10)
    at Pipe.onStreamRead [as onread] (internal/stream_base_commons.js:94:17): Error: <semantic> TypeScript Server Error (3.6.2)
Debug Failure.
Error: Debug Failure.
    at Object.assertDefined (tsserver.js:2101:24)
    at getRangeToExtract (tsserver.js:122796:43)
    at Object.getAvailableActions (tsserver.js:122760:28)
    at tsserver.js:115823:128
    at getIterator (tsserver.js:637:23)
    at Object.next (tsserver.js:632:35)
    at Object.arrayFrom (tsserver.js:1276:40)
    at Object.getApplicableRefactors (tsserver.js:115822:23)
    at Object.getApplicableRefactors (tsserver.js:126023:32)
    at IOSession.Session.getApplicableRefactors (tsserver.js:134935:53)
    at Session.handlers.ts.createMapFromTemplate._a.(anonymous function) (tsserver.js:133790:61)
    at tsserver.js:135178:88
    at IOSession.Session.executeWithRequestId (tsserver.js:135169:28)
    at IOSession.Session.executeCommand (tsserver.js:135178:33)
    at IOSession.Session.onMessage (tsserver.js:135201:35)
    at Interface.<anonymous> (tsserver.js:136516:27)
    at Interface.emit (events.js:182:13)
    at Interface._onLine (readline.js:290:10)
    at Interface._normalWrite (readline.js:433:12)
    at Socket.ondata (readline.js:149:10)
    at Socket.emit (events.js:182:13)
    at addChunk (_stream_readable.js:283:12)
    at readableAddChunk (_stream_readable.js:264:11)
    at Socket.Readable.push (_stream_readable.js:219:10)
    at Pipe.onStreamRead [as onread] (internal/stream_base_commons.js:94:17)
	at Function.create (/usr/share/code/resources/app/extensions/typescript-language-features/dist/extension.js:53:63463)
	at h.dispatchResponse (/usr/share/code/resources/app/extensions/typescript-language-features/dist/extension.js:53:56618)
	at h.dispatchMessage (/usr/share/code/resources/app/extensions/typescript-language-features/dist/extension.js:53:55516)
	at constructor._reader.onData.e (/usr/share/code/resources/app/extensions/typescript-language-features/dist/extension.js:53:54992)
	at u.fire (/usr/share/code/resources/app/out/vs/workbench/services/extensions/node/extensionHostProcess.js:50:207)
	at t.Reader.onLengthData (/usr/share/code/resources/app/extensions/typescript-language-features/dist/extension.js:53:61683)
	at Socket.t.Reader.constructor.e.on.e (/usr/share/code/resources/app/extensions/typescript-language-features/dist/extension.js:53:61331)
	at Socket.emit (events.js:182:13)
	at addChunk (_stream_readable.js:283:12)
	at readableAddChunk (_stream_readable.js:264:11)
	at Socket.Readable.push (_stream_readable.js:219:10)
	at Pipe.onStreamRead [as onread] (internal/stream_base_commons.js:94:17)
[2019-09-11 19:12:33.708] [renderer1] [error] <semantic> TypeScript Server Error (3.6.2)
Debug Failure.
Error: Debug Failure.
    at Object.assertDefined (tsserver.js:2101:24)
    at getRangeToExtract (tsserver.js:122796:43)
    at Object.getAvailableActions (tsserver.js:122760:28)
    at tsserver.js:115823:128
    at getIterator (tsserver.js:637:23)
    at Object.next (tsserver.js:632:35)
    at Object.arrayFrom (tsserver.js:1276:88)
    at Object.getApplicableRefactors (tsserver.js:115822:23)
    at Object.getApplicableRefactors (tsserver.js:126023:32)
    at IOSession.Session.getApplicableRefactors (tsserver.js:134935:53)
    at Session.handlers.ts.createMapFromTemplate._a.(anonymous function) (tsserver.js:133790:61)
    at tsserver.js:135178:88
    at IOSession.Session.executeWithRequestId (tsserver.js:135169:28)
    at IOSession.Session.executeCommand (tsserver.js:135178:33)
    at IOSession.Session.onMessage (tsserver.js:135201:35)
    at Interface.<anonymous> (tsserver.js:136516:27)
    at Interface.emit (events.js:182:13)
    at Interface._onLine (readline.js:290:10)
    at Interface._normalWrite (readline.js:433:12)
    at Socket.ondata (readline.js:149:10)
    at Socket.emit (events.js:182:13)
    at addChunk (_stream_readable.js:283:12)
    at readableAddChunk (_stream_readable.js:264:11)
    at Socket.Readable.push (_stream_readable.js:219:10)
    at Pipe.onStreamRead [as onread] (internal/stream_base_commons.js:94:17): Error: <semantic> TypeScript Server Error (3.6.2)
Debug Failure.
Error: Debug Failure.
    at Object.assertDefined (tsserver.js:2101:24)
    at getRangeToExtract (tsserver.js:122796:43)
    at Object.getAvailableActions (tsserver.js:122760:28)
    at tsserver.js:115823:128
    at getIterator (tsserver.js:637:23)
    at Object.next (tsserver.js:632:35)
    at Object.arrayFrom (tsserver.js:1276:88)
    at Object.getApplicableRefactors (tsserver.js:115822:23)
    at Object.getApplicableRefactors (tsserver.js:126023:32)
    at IOSession.Session.getApplicableRefactors (tsserver.js:134935:53)
    at Session.handlers.ts.createMapFromTemplate._a.(anonymous function) (tsserver.js:133790:61)
    at tsserver.js:135178:88
    at IOSession.Session.executeWithRequestId (tsserver.js:135169:28)
    at IOSession.Session.executeCommand (tsserver.js:135178:33)
    at IOSession.Session.onMessage (tsserver.js:135201:35)
    at Interface.<anonymous> (tsserver.js:136516:27)
    at Interface.emit (events.js:182:13)
    at Interface._onLine (readline.js:290:10)
    at Interface._normalWrite (readline.js:433:12)
    at Socket.ondata (readline.js:149:10)
    at Socket.emit (events.js:182:13)
    at addChunk (_stream_readable.js:283:12)
    at readableAddChunk (_stream_readable.js:264:11)
    at Socket.Readable.push (_stream_readable.js:219:10)
    at Pipe.onStreamRead [as onread] (internal/stream_base_commons.js:94:17)
	at Function.create (/usr/share/code/resources/app/extensions/typescript-language-features/dist/extension.js:53:63463)
	at h.dispatchResponse (/usr/share/code/resources/app/extensions/typescript-language-features/dist/extension.js:53:56618)
	at h.dispatchMessage (/usr/share/code/resources/app/extensions/typescript-language-features/dist/extension.js:53:55516)
	at constructor._reader.onData.e (/usr/share/code/resources/app/extensions/typescript-language-features/dist/extension.js:53:54992)
	at u.fire (/usr/share/code/resources/app/out/vs/workbench/services/extensions/node/extensionHostProcess.js:50:207)
	at t.Reader.onLengthData (/usr/share/code/resources/app/extensions/typescript-language-features/dist/extension.js:53:61683)
	at Socket.t.Reader.constructor.e.on.e (/usr/share/code/resources/app/extensions/typescript-language-features/dist/extension.js:53:61331)
	at Socket.emit (events.js:182:13)
	at addChunk (_stream_readable.js:283:12)
	at readableAddChunk (_stream_readable.js:264:11)
	at Socket.Readable.push (_stream_readable.js:219:10)
	at Pipe.onStreamRead [as onread] (internal/stream_base_commons.js:94:17)
[2019-09-11 19:12:34.094] [renderer1] [error] <semantic> TypeScript Server Error (3.6.2)
Debug Failure.
Error: Debug Failure.
    at Object.assertDefined (tsserver.js:2101:24)
    at getRangeToExtract (tsserver.js:122796:43)
    at Object.getAvailableActions (tsserver.js:122760:28)
    at tsserver.js:115823:128
    at getIterator (tsserver.js:637:23)
    at Object.next (tsserver.js:632:35)
    at Object.arrayFrom (tsserver.js:1276:40)
    at Object.getApplicableRefactors (tsserver.js:115822:23)
    at Object.getApplicableRefactors (tsserver.js:126023:32)
    at IOSession.Session.getApplicableRefactors (tsserver.js:134935:53)
    at Session.handlers.ts.createMapFromTemplate._a.(anonymous function) (tsserver.js:133790:61)
    at tsserver.js:135178:88
    at IOSession.Session.executeWithRequestId (tsserver.js:135169:28)
    at IOSession.Session.executeCommand (tsserver.js:135178:33)
    at IOSession.Session.onMessage (tsserver.js:135201:35)
    at Interface.<anonymous> (tsserver.js:136516:27)
    at Interface.emit (events.js:182:13)
    at Interface._onLine (readline.js:290:10)
    at Interface._normalWrite (readline.js:433:12)
    at Socket.ondata (readline.js:149:10)
    at Socket.emit (events.js:182:13)
    at addChunk (_stream_readable.js:283:12)
    at readableAddChunk (_stream_readable.js:264:11)
    at Socket.Readable.push (_stream_readable.js:219:10)
    at Pipe.onStreamRead [as onread] (internal/stream_base_commons.js:94:17): Error: <semantic> TypeScript Server Error (3.6.2)
Debug Failure.
Error: Debug Failure.
    at Object.assertDefined (tsserver.js:2101:24)
    at getRangeToExtract (tsserver.js:122796:43)
    at Object.getAvailableActions (tsserver.js:122760:28)
    at tsserver.js:115823:128
    at getIterator (tsserver.js:637:23)
    at Object.next (tsserver.js:632:35)
    at Object.arrayFrom (tsserver.js:1276:40)
    at Object.getApplicableRefactors (tsserver.js:115822:23)
    at Object.getApplicableRefactors (tsserver.js:126023:32)
    at IOSession.Session.getApplicableRefactors (tsserver.js:134935:53)
    at Session.handlers.ts.createMapFromTemplate._a.(anonymous function) (tsserver.js:133790:61)
    at tsserver.js:135178:88
    at IOSession.Session.executeWithRequestId (tsserver.js:135169:28)
    at IOSession.Session.executeCommand (tsserver.js:135178:33)
    at IOSession.Session.onMessage (tsserver.js:135201:35)
    at Interface.<anonymous> (tsserver.js:136516:27)
    at Interface.emit (events.js:182:13)
    at Interface._onLine (readline.js:290:10)
    at Interface._normalWrite (readline.js:433:12)
    at Socket.ondata (readline.js:149:10)
    at Socket.emit (events.js:182:13)
    at addChunk (_stream_readable.js:283:12)
    at readableAddChunk (_stream_readable.js:264:11)
    at Socket.Readable.push (_stream_readable.js:219:10)
    at Pipe.onStreamRead [as onread] (internal/stream_base_commons.js:94:17)
	at Function.create (/usr/share/code/resources/app/extensions/typescript-language-features/dist/extension.js:53:63463)
	at h.dispatchResponse (/usr/share/code/resources/app/extensions/typescript-language-features/dist/extension.js:53:56618)
	at h.dispatchMessage (/usr/share/code/resources/app/extensions/typescript-language-features/dist/extension.js:53:55516)
	at constructor._reader.onData.e (/usr/share/code/resources/app/extensions/typescript-language-features/dist/extension.js:53:54992)
	at u.fire (/usr/share/code/resources/app/out/vs/workbench/services/extensions/node/extensionHostProcess.js:50:207)
	at t.Reader.onLengthData (/usr/share/code/resources/app/extensions/typescript-language-features/dist/extension.js:53:61683)
	at Socket.t.Reader.constructor.e.on.e (/usr/share/code/resources/app/extensions/typescript-language-features/dist/extension.js:53:61331)
	at Socket.emit (events.js:182:13)
	at addChunk (_stream_readable.js:283:12)
	at readableAddChunk (_stream_readable.js:264:11)
	at Socket.Readable.push (_stream_readable.js:219:10)
	at Pipe.onStreamRead [as onread] (internal/stream_base_commons.js:94:17)
[2019-09-11 19:12:52.573] [renderer1] [error] <semantic> TypeScript Server Error (3.6.2)
Debug Failure.
Error: Debug Failure.
    at Object.assertDefined (tsserver.js:2101:24)
    at getRangeToExtract (tsserver.js:122796:43)
    at Object.getAvailableActions (tsserver.js:122760:28)
    at tsserver.js:115823:128
    at getIterator (tsserver.js:637:23)
    at Object.next (tsserver.js:632:35)
    at Object.arrayFrom (tsserver.js:1276:40)
    at Object.getApplicableRefactors (tsserver.js:115822:23)
    at Object.getApplicableRefactors (tsserver.js:126023:32)
    at IOSession.Session.getApplicableRefactors (tsserver.js:134935:53)
    at Session.handlers.ts.createMapFromTemplate._a.(anonymous function) (tsserver.js:133790:61)
    at tsserver.js:135178:88
    at IOSession.Session.executeWithRequestId (tsserver.js:135169:28)
    at IOSession.Session.executeCommand (tsserver.js:135178:33)
    at IOSession.Session.onMessage (tsserver.js:135201:35)
    at Interface.<anonymous> (tsserver.js:136516:27)
    at Interface.emit (events.js:182:13)
    at Interface._onLine (readline.js:290:10)
    at Interface._normalWrite (readline.js:433:12)
    at Socket.ondata (readline.js:149:10)
    at Socket.emit (events.js:182:13)
    at addChunk (_stream_readable.js:283:12)
    at readableAddChunk (_stream_readable.js:264:11)
    at Socket.Readable.push (_stream_readable.js:219:10)
    at Pipe.onStreamRead [as onread] (internal/stream_base_commons.js:94:17): Error: <semantic> TypeScript Server Error (3.6.2)
Debug Failure.
Error: Debug Failure.
    at Object.assertDefined (tsserver.js:2101:24)
    at getRangeToExtract (tsserver.js:122796:43)
    at Object.getAvailableActions (tsserver.js:122760:28)
    at tsserver.js:115823:128
    at getIterator (tsserver.js:637:23)
    at Object.next (tsserver.js:632:35)
    at Object.arrayFrom (tsserver.js:1276:40)
    at Object.getApplicableRefactors (tsserver.js:115822:23)
    at Object.getApplicableRefactors (tsserver.js:126023:32)
    at IOSession.Session.getApplicableRefactors (tsserver.js:134935:53)
    at Session.handlers.ts.createMapFromTemplate._a.(anonymous function) (tsserver.js:133790:61)
    at tsserver.js:135178:88
    at IOSession.Session.executeWithRequestId (tsserver.js:135169:28)
    at IOSession.Session.executeCommand (tsserver.js:135178:33)
    at IOSession.Session.onMessage (tsserver.js:135201:35)
    at Interface.<anonymous> (tsserver.js:136516:27)
    at Interface.emit (events.js:182:13)
    at Interface._onLine (readline.js:290:10)
    at Interface._normalWrite (readline.js:433:12)
    at Socket.ondata (readline.js:149:10)
    at Socket.emit (events.js:182:13)
    at addChunk (_stream_readable.js:283:12)
    at readableAddChunk (_stream_readable.js:264:11)
    at Socket.Readable.push (_stream_readable.js:219:10)
    at Pipe.onStreamRead [as onread] (internal/stream_base_commons.js:94:17)
	at Function.create (/usr/share/code/resources/app/extensions/typescript-language-features/dist/extension.js:53:63463)
	at h.dispatchResponse (/usr/share/code/resources/app/extensions/typescript-language-features/dist/extension.js:53:56618)
	at h.dispatchMessage (/usr/share/code/resources/app/extensions/typescript-language-features/dist/extension.js:53:55516)
	at constructor._reader.onData.e (/usr/share/code/resources/app/extensions/typescript-language-features/dist/extension.js:53:54992)
	at u.fire (/usr/share/code/resources/app/out/vs/workbench/services/extensions/node/extensionHostProcess.js:50:207)
	at t.Reader.onLengthData (/usr/share/code/resources/app/extensions/typescript-language-features/dist/extension.js:53:61683)
	at Socket.t.Reader.constructor.e.on.e (/usr/share/code/resources/app/extensions/typescript-language-features/dist/extension.js:53:61331)
	at Socket.emit (events.js:182:13)
	at addChunk (_stream_readable.js:283:12)
	at readableAddChunk (_stream_readable.js:264:11)
	at Socket.Readable.push (_stream_readable.js:219:10)
	at Pipe.onStreamRead [as onread] (internal/stream_base_commons.js:94:17)
[2019-09-11 19:12:54.811] [renderer1] [error] <semantic> TypeScript Server Error (3.6.2)
Debug Failure.
Error: Debug Failure.
    at Object.assertDefined (tsserver.js:2101:24)
    at getRangeToExtract (tsserver.js:122796:43)
    at Object.getAvailableActions (tsserver.js:122760:28)
    at tsserver.js:115823:128
    at getIterator (tsserver.js:637:23)
    at Object.next (tsserver.js:632:35)
    at Object.arrayFrom (tsserver.js:1276:88)
    at Object.getApplicableRefactors (tsserver.js:115822:23)
    at Object.getApplicableRefactors (tsserver.js:126023:32)
    at IOSession.Session.getApplicableRefactors (tsserver.js:134935:53)
    at Session.handlers.ts.createMapFromTemplate._a.(anonymous function) (tsserver.js:133790:61)
    at tsserver.js:135178:88
    at IOSession.Session.executeWithRequestId (tsserver.js:135169:28)
    at IOSession.Session.executeCommand (tsserver.js:135178:33)
    at IOSession.Session.onMessage (tsserver.js:135201:35)
    at Interface.<anonymous> (tsserver.js:136516:27)
    at Interface.emit (events.js:182:13)
    at Interface._onLine (readline.js:290:10)
    at Interface._normalWrite (readline.js:433:12)
    at Socket.ondata (readline.js:149:10)
    at Socket.emit (events.js:182:13)
    at addChunk (_stream_readable.js:283:12)
    at readableAddChunk (_stream_readable.js:264:11)
    at Socket.Readable.push (_stream_readable.js:219:10)
    at Pipe.onStreamRead [as onread] (internal/stream_base_commons.js:94:17): Error: <semantic> TypeScript Server Error (3.6.2)
Debug Failure.
Error: Debug Failure.
    at Object.assertDefined (tsserver.js:2101:24)
    at getRangeToExtract (tsserver.js:122796:43)
    at Object.getAvailableActions (tsserver.js:122760:28)
    at tsserver.js:115823:128
    at getIterator (tsserver.js:637:23)
    at Object.next (tsserver.js:632:35)
    at Object.arrayFrom (tsserver.js:1276:88)
    at Object.getApplicableRefactors (tsserver.js:115822:23)
    at Object.getApplicableRefactors (tsserver.js:126023:32)
    at IOSession.Session.getApplicableRefactors (tsserver.js:134935:53)
    at Session.handlers.ts.createMapFromTemplate._a.(anonymous function) (tsserver.js:133790:61)
    at tsserver.js:135178:88
    at IOSession.Session.executeWithRequestId (tsserver.js:135169:28)
    at IOSession.Session.executeCommand (tsserver.js:135178:33)
    at IOSession.Session.onMessage (tsserver.js:135201:35)
    at Interface.<anonymous> (tsserver.js:136516:27)
    at Interface.emit (events.js:182:13)
    at Interface._onLine (readline.js:290:10)
    at Interface._normalWrite (readline.js:433:12)
    at Socket.ondata (readline.js:149:10)
    at Socket.emit (events.js:182:13)
    at addChunk (_stream_readable.js:283:12)
    at readableAddChunk (_stream_readable.js:264:11)
    at Socket.Readable.push (_stream_readable.js:219:10)
    at Pipe.onStreamRead [as onread] (internal/stream_base_commons.js:94:17)
	at Function.create (/usr/share/code/resources/app/extensions/typescript-language-features/dist/extension.js:53:63463)
	at h.dispatchResponse (/usr/share/code/resources/app/extensions/typescript-language-features/dist/extension.js:53:56618)
	at h.dispatchMessage (/usr/share/code/resources/app/extensions/typescript-language-features/dist/extension.js:53:55516)
	at constructor._reader.onData.e (/usr/share/code/resources/app/extensions/typescript-language-features/dist/extension.js:53:54992)
	at u.fire (/usr/share/code/resources/app/out/vs/workbench/services/extensions/node/extensionHostProcess.js:50:207)
	at t.Reader.onLengthData (/usr/share/code/resources/app/extensions/typescript-language-features/dist/extension.js:53:61683)
	at Socket.t.Reader.constructor.e.on.e (/usr/share/code/resources/app/extensions/typescript-language-features/dist/extension.js:53:61331)
	at Socket.emit (events.js:182:13)
	at addChunk (_stream_readable.js:283:12)
	at readableAddChunk (_stream_readable.js:264:11)
	at Socket.Readable.push (_stream_readable.js:219:10)
	at Pipe.onStreamRead [as onread] (internal/stream_base_commons.js:94:17)
[2019-09-11 19:12:55.100] [renderer1] [error] <semantic> TypeScript Server Error (3.6.2)
Debug Failure.
Error: Debug Failure.
    at Object.assertDefined (tsserver.js:2101:24)
    at getRangeToExtract (tsserver.js:122796:43)
    at Object.getAvailableActions (tsserver.js:122760:28)
    at tsserver.js:115823:128
    at getIterator (tsserver.js:637:23)
    at Object.next (tsserver.js:632:35)
    at Object.arrayFrom (tsserver.js:1276:40)
    at Object.getApplicableRefactors (tsserver.js:115822:23)
    at Object.getApplicableRefactors (tsserver.js:126023:32)
    at IOSession.Session.getApplicableRefactors (tsserver.js:134935:53)
    at Session.handlers.ts.createMapFromTemplate._a.(anonymous function) (tsserver.js:133790:61)
    at tsserver.js:135178:88
    at IOSession.Session.executeWithRequestId (tsserver.js:135169:28)
    at IOSession.Session.executeCommand (tsserver.js:135178:33)
    at IOSession.Session.onMessage (tsserver.js:135201:35)
    at Interface.<anonymous> (tsserver.js:136516:27)
    at Interface.emit (events.js:182:13)
    at Interface._onLine (readline.js:290:10)
    at Interface._normalWrite (readline.js:433:12)
    at Socket.ondata (readline.js:149:10)
    at Socket.emit (events.js:182:13)
    at addChunk (_stream_readable.js:283:12)
    at readableAddChunk (_stream_readable.js:264:11)
    at Socket.Readable.push (_stream_readable.js:219:10)
    at Pipe.onStreamRead [as onread] (internal/stream_base_commons.js:94:17): Error: <semantic> TypeScript Server Error (3.6.2)
Debug Failure.
Error: Debug Failure.
    at Object.assertDefined (tsserver.js:2101:24)
    at getRangeToExtract (tsserver.js:122796:43)
    at Object.getAvailableActions (tsserver.js:122760:28)
    at tsserver.js:115823:128
    at getIterator (tsserver.js:637:23)
    at Object.next (tsserver.js:632:35)
    at Object.arrayFrom (tsserver.js:1276:40)
    at Object.getApplicableRefactors (tsserver.js:115822:23)
    at Object.getApplicableRefactors (tsserver.js:126023:32)
    at IOSession.Session.getApplicableRefactors (tsserver.js:134935:53)
    at Session.handlers.ts.createMapFromTemplate._a.(anonymous function) (tsserver.js:133790:61)
    at tsserver.js:135178:88
    at IOSession.Session.executeWithRequestId (tsserver.js:135169:28)
    at IOSession.Session.executeCommand (tsserver.js:135178:33)
    at IOSession.Session.onMessage (tsserver.js:135201:35)
    at Interface.<anonymous> (tsserver.js:136516:27)
    at Interface.emit (events.js:182:13)
    at Interface._onLine (readline.js:290:10)
    at Interface._normalWrite (readline.js:433:12)
    at Socket.ondata (readline.js:149:10)
    at Socket.emit (events.js:182:13)
    at addChunk (_stream_readable.js:283:12)
    at readableAddChunk (_stream_readable.js:264:11)
    at Socket.Readable.push (_stream_readable.js:219:10)
    at Pipe.onStreamRead [as onread] (internal/stream_base_commons.js:94:17)
	at Function.create (/usr/share/code/resources/app/extensions/typescript-language-features/dist/extension.js:53:63463)
	at h.dispatchResponse (/usr/share/code/resources/app/extensions/typescript-language-features/dist/extension.js:53:56618)
	at h.dispatchMessage (/usr/share/code/resources/app/extensions/typescript-language-features/dist/extension.js:53:55516)
	at constructor._reader.onData.e (/usr/share/code/resources/app/extensions/typescript-language-features/dist/extension.js:53:54992)
	at u.fire (/usr/share/code/resources/app/out/vs/workbench/services/extensions/node/extensionHostProcess.js:50:207)
	at t.Reader.onLengthData (/usr/share/code/resources/app/extensions/typescript-language-features/dist/extension.js:53:61683)
	at Socket.t.Reader.constructor.e.on.e (/usr/share/code/resources/app/extensions/typescript-language-features/dist/extension.js:53:61331)
	at Socket.emit (events.js:182:13)
	at addChunk (_stream_readable.js:283:12)
	at readableAddChunk (_stream_readable.js:264:11)
	at Socket.Readable.push (_stream_readable.js:219:10)
	at Pipe.onStreamRead [as onread] (internal/stream_base_commons.js:94:17)
[2019-09-11 19:12:58.297] [renderer1] [error] <semantic> TypeScript Server Error (3.6.2)
Debug Failure.
Error: Debug Failure.
    at Object.assertDefined (tsserver.js:2101:24)
    at getRangeToExtract (tsserver.js:122796:43)
    at Object.getAvailableActions (tsserver.js:122760:28)
    at tsserver.js:115823:128
    at getIterator (tsserver.js:637:23)
    at Object.next (tsserver.js:632:35)
    at Object.arrayFrom (tsserver.js:1276:88)
    at Object.getApplicableRefactors (tsserver.js:115822:23)
    at Object.getApplicableRefactors (tsserver.js:126023:32)
    at IOSession.Session.getApplicableRefactors (tsserver.js:134935:53)
    at Session.handlers.ts.createMapFromTemplate._a.(anonymous function) (tsserver.js:133790:61)
    at tsserver.js:135178:88
    at IOSession.Session.executeWithRequestId (tsserver.js:135169:28)
    at IOSession.Session.executeCommand (tsserver.js:135178:33)
    at IOSession.Session.onMessage (tsserver.js:135201:35)
    at Interface.<anonymous> (tsserver.js:136516:27)
    at Interface.emit (events.js:182:13)
    at Interface._onLine (readline.js:290:10)
    at Interface._normalWrite (readline.js:433:12)
    at Socket.ondata (readline.js:149:10)
    at Socket.emit (events.js:182:13)
    at addChunk (_stream_readable.js:283:12)
    at readableAddChunk (_stream_readable.js:264:11)
    at Socket.Readable.push (_stream_readable.js:219:10)
    at Pipe.onStreamRead [as onread] (internal/stream_base_commons.js:94:17): Error: <semantic> TypeScript Server Error (3.6.2)
Debug Failure.
Error: Debug Failure.
    at Object.assertDefined (tsserver.js:2101:24)
    at getRangeToExtract (tsserver.js:122796:43)
    at Object.getAvailableActions (tsserver.js:122760:28)
    at tsserver.js:115823:128
    at getIterator (tsserver.js:637:23)
    at Object.next (tsserver.js:632:35)
    at Object.arrayFrom (tsserver.js:1276:88)
    at Object.getApplicableRefactors (tsserver.js:115822:23)
    at Object.getApplicableRefactors (tsserver.js:126023:32)
    at IOSession.Session.getApplicableRefactors (tsserver.js:134935:53)
    at Session.handlers.ts.createMapFromTemplate._a.(anonymous function) (tsserver.js:133790:61)
    at tsserver.js:135178:88
    at IOSession.Session.executeWithRequestId (tsserver.js:135169:28)
    at IOSession.Session.executeCommand (tsserver.js:135178:33)
    at IOSession.Session.onMessage (tsserver.js:135201:35)
    at Interface.<anonymous> (tsserver.js:136516:27)
    at Interface.emit (events.js:182:13)
    at Interface._onLine (readline.js:290:10)
    at Interface._normalWrite (readline.js:433:12)
    at Socket.ondata (readline.js:149:10)
    at Socket.emit (events.js:182:13)
    at addChunk (_stream_readable.js:283:12)
    at readableAddChunk (_stream_readable.js:264:11)
    at Socket.Readable.push (_stream_readable.js:219:10)
    at Pipe.onStreamRead [as onread] (internal/stream_base_commons.js:94:17)
	at Function.create (/usr/share/code/resources/app/extensions/typescript-language-features/dist/extension.js:53:63463)
	at h.dispatchResponse (/usr/share/code/resources/app/extensions/typescript-language-features/dist/extension.js:53:56618)
	at h.dispatchMessage (/usr/share/code/resources/app/extensions/typescript-language-features/dist/extension.js:53:55516)
	at constructor._reader.onData.e (/usr/share/code/resources/app/extensions/typescript-language-features/dist/extension.js:53:54992)
	at u.fire (/usr/share/code/resources/app/out/vs/workbench/services/extensions/node/extensionHostProcess.js:50:207)
	at t.Reader.onLengthData (/usr/share/code/resources/app/extensions/typescript-language-features/dist/extension.js:53:61683)
	at Socket.t.Reader.constructor.e.on.e (/usr/share/code/resources/app/extensions/typescript-language-features/dist/extension.js:53:61331)
	at Socket.emit (events.js:182:13)
	at addChunk (_stream_readable.js:283:12)
	at readableAddChunk (_stream_readable.js:264:11)
	at Socket.Readable.push (_stream_readable.js:219:10)
	at Pipe.onStreamRead [as onread] (internal/stream_base_commons.js:94:17)
[2019-09-11 19:12:58.566] [renderer1] [error] <semantic> TypeScript Server Error (3.6.2)
Debug Failure.
Error: Debug Failure.
    at Object.assertDefined (tsserver.js:2101:24)
    at getRangeToExtract (tsserver.js:122796:43)
    at Object.getAvailableActions (tsserver.js:122760:28)
    at tsserver.js:115823:128
    at getIterator (tsserver.js:637:23)
    at Object.next (tsserver.js:632:35)
    at Object.arrayFrom (tsserver.js:1276:40)
    at Object.getApplicableRefactors (tsserver.js:115822:23)
    at Object.getApplicableRefactors (tsserver.js:126023:32)
    at IOSession.Session.getApplicableRefactors (tsserver.js:134935:53)
    at Session.handlers.ts.createMapFromTemplate._a.(anonymous function) (tsserver.js:133790:61)
    at tsserver.js:135178:88
    at IOSession.Session.executeWithRequestId (tsserver.js:135169:28)
    at IOSession.Session.executeCommand (tsserver.js:135178:33)
    at IOSession.Session.onMessage (tsserver.js:135201:35)
    at Interface.<anonymous> (tsserver.js:136516:27)
    at Interface.emit (events.js:182:13)
    at Interface._onLine (readline.js:290:10)
    at Interface._normalWrite (readline.js:433:12)
    at Socket.ondata (readline.js:149:10)
    at Socket.emit (events.js:182:13)
    at addChunk (_stream_readable.js:283:12)
    at readableAddChunk (_stream_readable.js:264:11)
    at Socket.Readable.push (_stream_readable.js:219:10)
    at Pipe.onStreamRead [as onread] (internal/stream_base_commons.js:94:17): Error: <semantic> TypeScript Server Error (3.6.2)
Debug Failure.
Error: Debug Failure.
    at Object.assertDefined (tsserver.js:2101:24)
    at getRangeToExtract (tsserver.js:122796:43)
    at Object.getAvailableActions (tsserver.js:122760:28)
    at tsserver.js:115823:128
    at getIterator (tsserver.js:637:23)
    at Object.next (tsserver.js:632:35)
    at Object.arrayFrom (tsserver.js:1276:40)
    at Object.getApplicableRefactors (tsserver.js:115822:23)
    at Object.getApplicableRefactors (tsserver.js:126023:32)
    at IOSession.Session.getApplicableRefactors (tsserver.js:134935:53)
    at Session.handlers.ts.createMapFromTemplate._a.(anonymous function) (tsserver.js:133790:61)
    at tsserver.js:135178:88
    at IOSession.Session.executeWithRequestId (tsserver.js:135169:28)
    at IOSession.Session.executeCommand (tsserver.js:135178:33)
    at IOSession.Session.onMessage (tsserver.js:135201:35)
    at Interface.<anonymous> (tsserver.js:136516:27)
    at Interface.emit (events.js:182:13)
    at Interface._onLine (readline.js:290:10)
    at Interface._normalWrite (readline.js:433:12)
    at Socket.ondata (readline.js:149:10)
    at Socket.emit (events.js:182:13)
    at addChunk (_stream_readable.js:283:12)
    at readableAddChunk (_stream_readable.js:264:11)
    at Socket.Readable.push (_stream_readable.js:219:10)
    at Pipe.onStreamRead [as onread] (internal/stream_base_commons.js:94:17)
	at Function.create (/usr/share/code/resources/app/extensions/typescript-language-features/dist/extension.js:53:63463)
	at h.dispatchResponse (/usr/share/code/resources/app/extensions/typescript-language-features/dist/extension.js:53:56618)
	at h.dispatchMessage (/usr/share/code/resources/app/extensions/typescript-language-features/dist/extension.js:53:55516)
	at constructor._reader.onData.e (/usr/share/code/resources/app/extensions/typescript-language-features/dist/extension.js:53:54992)
	at u.fire (/usr/share/code/resources/app/out/vs/workbench/services/extensions/node/extensionHostProcess.js:50:207)
	at t.Reader.onLengthData (/usr/share/code/resources/app/extensions/typescript-language-features/dist/extension.js:53:61683)
	at Socket.t.Reader.constructor.e.on.e (/usr/share/code/resources/app/extensions/typescript-language-features/dist/extension.js:53:61331)
	at Socket.emit (events.js:182:13)
	at addChunk (_stream_readable.js:283:12)
	at readableAddChunk (_stream_readable.js:264:11)
	at Socket.Readable.push (_stream_readable.js:219:10)
	at Pipe.onStreamRead [as onread] (internal/stream_base_commons.js:94:17)
[2019-09-11 19:13:25.413] [renderer1] [error] <semantic> TypeScript Server Error (3.6.2)
Debug Failure.
Error: Debug Failure.
    at Object.assertDefined (tsserver.js:2101:24)
    at getRangeToExtract (tsserver.js:122796:43)
    at Object.getAvailableActions (tsserver.js:122760:28)
    at tsserver.js:115823:128
    at getIterator (tsserver.js:637:23)
    at Object.next (tsserver.js:632:35)
    at Object.arrayFrom (tsserver.js:1276:88)
    at Object.getApplicableRefactors (tsserver.js:115822:23)
    at Object.getApplicableRefactors (tsserver.js:126023:32)
    at IOSession.Session.getApplicableRefactors (tsserver.js:134935:53)
    at Session.handlers.ts.createMapFromTemplate._a.(anonymous function) (tsserver.js:133790:61)
    at tsserver.js:135178:88
    at IOSession.Session.executeWithRequestId (tsserver.js:135169:28)
    at IOSession.Session.executeCommand (tsserver.js:135178:33)
    at IOSession.Session.onMessage (tsserver.js:135201:35)
    at Interface.<anonymous> (tsserver.js:136516:27)
    at Interface.emit (events.js:182:13)
    at Interface._onLine (readline.js:290:10)
    at Interface._normalWrite (readline.js:433:12)
    at Socket.ondata (readline.js:149:10)
    at Socket.emit (events.js:182:13)
    at addChunk (_stream_readable.js:283:12)
    at readableAddChunk (_stream_readable.js:264:11)
    at Socket.Readable.push (_stream_readable.js:219:10)
    at Pipe.onStreamRead [as onread] (internal/stream_base_commons.js:94:17): Error: <semantic> TypeScript Server Error (3.6.2)
Debug Failure.
Error: Debug Failure.
    at Object.assertDefined (tsserver.js:2101:24)
    at getRangeToExtract (tsserver.js:122796:43)
    at Object.getAvailableActions (tsserver.js:122760:28)
    at tsserver.js:115823:128
    at getIterator (tsserver.js:637:23)
    at Object.next (tsserver.js:632:35)
    at Object.arrayFrom (tsserver.js:1276:88)
    at Object.getApplicableRefactors (tsserver.js:115822:23)
    at Object.getApplicableRefactors (tsserver.js:126023:32)
    at IOSession.Session.getApplicableRefactors (tsserver.js:134935:53)
    at Session.handlers.ts.createMapFromTemplate._a.(anonymous function) (tsserver.js:133790:61)
    at tsserver.js:135178:88
    at IOSession.Session.executeWithRequestId (tsserver.js:135169:28)
    at IOSession.Session.executeCommand (tsserver.js:135178:33)
    at IOSession.Session.onMessage (tsserver.js:135201:35)
    at Interface.<anonymous> (tsserver.js:136516:27)
    at Interface.emit (events.js:182:13)
    at Interface._onLine (readline.js:290:10)
    at Interface._normalWrite (readline.js:433:12)
    at Socket.ondata (readline.js:149:10)
    at Socket.emit (events.js:182:13)
    at addChunk (_stream_readable.js:283:12)
    at readableAddChunk (_stream_readable.js:264:11)
    at Socket.Readable.push (_stream_readable.js:219:10)
    at Pipe.onStreamRead [as onread] (internal/stream_base_commons.js:94:17)
	at Function.create (/usr/share/code/resources/app/extensions/typescript-language-features/dist/extension.js:53:63463)
	at h.dispatchResponse (/usr/share/code/resources/app/extensions/typescript-language-features/dist/extension.js:53:56618)
	at h.dispatchMessage (/usr/share/code/resources/app/extensions/typescript-language-features/dist/extension.js:53:55516)
	at constructor._reader.onData.e (/usr/share/code/resources/app/extensions/typescript-language-features/dist/extension.js:53:54992)
	at u.fire (/usr/share/code/resources/app/out/vs/workbench/services/extensions/node/extensionHostProcess.js:50:207)
	at t.Reader.onLengthData (/usr/share/code/resources/app/extensions/typescript-language-features/dist/extension.js:53:61683)
	at Socket.t.Reader.constructor.e.on.e (/usr/share/code/resources/app/extensions/typescript-language-features/dist/extension.js:53:61331)
	at Socket.emit (events.js:182:13)
	at addChunk (_stream_readable.js:283:12)
	at readableAddChunk (_stream_readable.js:264:11)
	at Socket.Readable.push (_stream_readable.js:219:10)
	at Pipe.onStreamRead [as onread] (internal/stream_base_commons.js:94:17)
[2019-09-11 19:25:42.977] [renderer1] [error] <semantic> TypeScript Server Error (3.6.2)
Debug Failure.
Error: Debug Failure.
    at Object.assertDefined (tsserver.js:2101:24)
    at getRangeToExtract (tsserver.js:122796:43)
    at Object.getAvailableActions (tsserver.js:122760:28)
    at tsserver.js:115823:128
    at getIterator (tsserver.js:637:23)
    at Object.next (tsserver.js:632:35)
    at Object.arrayFrom (tsserver.js:1276:40)
    at Object.getApplicableRefactors (tsserver.js:115822:23)
    at Object.getApplicableRefactors (tsserver.js:126023:32)
    at IOSession.Session.getApplicableRefactors (tsserver.js:134935:53)
    at Session.handlers.ts.createMapFromTemplate._a.(anonymous function) (tsserver.js:133790:61)
    at tsserver.js:135178:88
    at IOSession.Session.executeWithRequestId (tsserver.js:135169:28)
    at IOSession.Session.executeCommand (tsserver.js:135178:33)
    at IOSession.Session.onMessage (tsserver.js:135201:35)
    at Interface.<anonymous> (tsserver.js:136516:27)
    at Interface.emit (events.js:182:13)
    at Interface._onLine (readline.js:290:10)
    at Interface._normalWrite (readline.js:433:12)
    at Socket.ondata (readline.js:149:10)
    at Socket.emit (events.js:182:13)
    at addChunk (_stream_readable.js:283:12)
    at readableAddChunk (_stream_readable.js:264:11)
    at Socket.Readable.push (_stream_readable.js:219:10)
    at Pipe.onStreamRead [as onread] (internal/stream_base_commons.js:94:17): Error: <semantic> TypeScript Server Error (3.6.2)
Debug Failure.
Error: Debug Failure.
    at Object.assertDefined (tsserver.js:2101:24)
    at getRangeToExtract (tsserver.js:122796:43)
    at Object.getAvailableActions (tsserver.js:122760:28)
    at tsserver.js:115823:128
    at getIterator (tsserver.js:637:23)
    at Object.next (tsserver.js:632:35)
    at Object.arrayFrom (tsserver.js:1276:40)
    at Object.getApplicableRefactors (tsserver.js:115822:23)
    at Object.getApplicableRefactors (tsserver.js:126023:32)
    at IOSession.Session.getApplicableRefactors (tsserver.js:134935:53)
    at Session.handlers.ts.createMapFromTemplate._a.(anonymous function) (tsserver.js:133790:61)
    at tsserver.js:135178:88
    at IOSession.Session.executeWithRequestId (tsserver.js:135169:28)
    at IOSession.Session.executeCommand (tsserver.js:135178:33)
    at IOSession.Session.onMessage (tsserver.js:135201:35)
    at Interface.<anonymous> (tsserver.js:136516:27)
    at Interface.emit (events.js:182:13)
    at Interface._onLine (readline.js:290:10)
    at Interface._normalWrite (readline.js:433:12)
    at Socket.ondata (readline.js:149:10)
    at Socket.emit (events.js:182:13)
    at addChunk (_stream_readable.js:283:12)
    at readableAddChunk (_stream_readable.js:264:11)
    at Socket.Readable.push (_stream_readable.js:219:10)
    at Pipe.onStreamRead [as onread] (internal/stream_base_commons.js:94:17)
	at Function.create (/usr/share/code/resources/app/extensions/typescript-language-features/dist/extension.js:53:63463)
	at h.dispatchResponse (/usr/share/code/resources/app/extensions/typescript-language-features/dist/extension.js:53:56618)
	at h.dispatchMessage (/usr/share/code/resources/app/extensions/typescript-language-features/dist/extension.js:53:55516)
	at constructor._reader.onData.e (/usr/share/code/resources/app/extensions/typescript-language-features/dist/extension.js:53:54992)
	at u.fire (/usr/share/code/resources/app/out/vs/workbench/services/extensions/node/extensionHostProcess.js:50:207)
	at t.Reader.onLengthData (/usr/share/code/resources/app/extensions/typescript-language-features/dist/extension.js:53:61683)
	at Socket.t.Reader.constructor.e.on.e (/usr/share/code/resources/app/extensions/typescript-language-features/dist/extension.js:53:61331)
	at Socket.emit (events.js:182:13)
	at addChunk (_stream_readable.js:283:12)
	at readableAddChunk (_stream_readable.js:264:11)
	at Socket.Readable.push (_stream_readable.js:219:10)
	at Pipe.onStreamRead [as onread] (internal/stream_base_commons.js:94:17)
[2019-09-11 19:28:59.863] [renderer1] [error] <semantic> TypeScript Server Error (3.6.2)
Debug Failure.
Error: Debug Failure.
    at Object.assertDefined (tsserver.js:2101:24)
    at getRangeToExtract (tsserver.js:122796:43)
    at Object.getAvailableActions (tsserver.js:122760:28)
    at tsserver.js:115823:128
    at getIterator (tsserver.js:637:23)
    at Object.next (tsserver.js:632:35)
    at Object.arrayFrom (tsserver.js:1276:88)
    at Object.getApplicableRefactors (tsserver.js:115822:23)
    at Object.getApplicableRefactors (tsserver.js:126023:32)
    at IOSession.Session.getApplicableRefactors (tsserver.js:134935:53)
    at Session.handlers.ts.createMapFromTemplate._a.(anonymous function) (tsserver.js:133790:61)
    at tsserver.js:135178:88
    at IOSession.Session.executeWithRequestId (tsserver.js:135169:28)
    at IOSession.Session.executeCommand (tsserver.js:135178:33)
    at IOSession.Session.onMessage (tsserver.js:135201:35)
    at Interface.<anonymous> (tsserver.js:136516:27)
    at Interface.emit (events.js:182:13)
    at Interface._onLine (readline.js:290:10)
    at Interface._normalWrite (readline.js:433:12)
    at Socket.ondata (readline.js:149:10)
    at Socket.emit (events.js:182:13)
    at addChunk (_stream_readable.js:283:12)
    at readableAddChunk (_stream_readable.js:264:11)
    at Socket.Readable.push (_stream_readable.js:219:10)
    at Pipe.onStreamRead [as onread] (internal/stream_base_commons.js:94:17): Error: <semantic> TypeScript Server Error (3.6.2)
Debug Failure.
Error: Debug Failure.
    at Object.assertDefined (tsserver.js:2101:24)
    at getRangeToExtract (tsserver.js:122796:43)
    at Object.getAvailableActions (tsserver.js:122760:28)
    at tsserver.js:115823:128
    at getIterator (tsserver.js:637:23)
    at Object.next (tsserver.js:632:35)
    at Object.arrayFrom (tsserver.js:1276:88)
    at Object.getApplicableRefactors (tsserver.js:115822:23)
    at Object.getApplicableRefactors (tsserver.js:126023:32)
    at IOSession.Session.getApplicableRefactors (tsserver.js:134935:53)
    at Session.handlers.ts.createMapFromTemplate._a.(anonymous function) (tsserver.js:133790:61)
    at tsserver.js:135178:88
    at IOSession.Session.executeWithRequestId (tsserver.js:135169:28)
    at IOSession.Session.executeCommand (tsserver.js:135178:33)
    at IOSession.Session.onMessage (tsserver.js:135201:35)
    at Interface.<anonymous> (tsserver.js:136516:27)
    at Interface.emit (events.js:182:13)
    at Interface._onLine (readline.js:290:10)
    at Interface._normalWrite (readline.js:433:12)
    at Socket.ondata (readline.js:149:10)
    at Socket.emit (events.js:182:13)
    at addChunk (_stream_readable.js:283:12)
    at readableAddChunk (_stream_readable.js:264:11)
    at Socket.Readable.push (_stream_readable.js:219:10)
    at Pipe.onStreamRead [as onread] (internal/stream_base_commons.js:94:17)
	at Function.create (/usr/share/code/resources/app/extensions/typescript-language-features/dist/extension.js:53:63463)
	at h.dispatchResponse (/usr/share/code/resources/app/extensions/typescript-language-features/dist/extension.js:53:56618)
	at h.dispatchMessage (/usr/share/code/resources/app/extensions/typescript-language-features/dist/extension.js:53:55516)
	at constructor._reader.onData.e (/usr/share/code/resources/app/extensions/typescript-language-features/dist/extension.js:53:54992)
	at u.fire (/usr/share/code/resources/app/out/vs/workbench/services/extensions/node/extensionHostProcess.js:50:207)
	at t.Reader.onLengthData (/usr/share/code/resources/app/extensions/typescript-language-features/dist/extension.js:53:61683)
	at Socket.t.Reader.constructor.e.on.e (/usr/share/code/resources/app/extensions/typescript-language-features/dist/extension.js:53:61331)
	at Socket.emit (events.js:182:13)
	at addChunk (_stream_readable.js:283:12)
	at readableAddChunk (_stream_readable.js:264:11)
	at Socket.Readable.push (_stream_readable.js:219:10)
	at Pipe.onStreamRead [as onread] (internal/stream_base_commons.js:94:17)
[2019-09-11 20:09:01.442] [renderer1] [error] <semantic> TypeScript Server Error (3.6.2)
Debug Failure.
Error: Debug Failure.
    at Object.assertDefined (tsserver.js:2101:24)
    at getRangeToExtract (tsserver.js:122796:43)
    at Object.getAvailableActions (tsserver.js:122760:28)
    at tsserver.js:115823:128
    at getIterator (tsserver.js:637:23)
    at Object.next (tsserver.js:632:35)
    at Object.arrayFrom (tsserver.js:1276:88)
    at Object.getApplicableRefactors (tsserver.js:115822:23)
    at Object.getApplicableRefactors (tsserver.js:126023:32)
    at IOSession.Session.getApplicableRefactors (tsserver.js:134935:53)
    at Session.handlers.ts.createMapFromTemplate._a.(anonymous function) (tsserver.js:133790:61)
    at tsserver.js:135178:88
    at IOSession.Session.executeWithRequestId (tsserver.js:135169:28)
    at IOSession.Session.executeCommand (tsserver.js:135178:33)
    at IOSession.Session.onMessage (tsserver.js:135201:35)
    at Interface.<anonymous> (tsserver.js:136516:27)
    at Interface.emit (events.js:182:13)
    at Interface._onLine (readline.js:290:10)
    at Interface._normalWrite (readline.js:433:12)
    at Socket.ondata (readline.js:149:10)
    at Socket.emit (events.js:182:13)
    at addChunk (_stream_readable.js:283:12)
    at readableAddChunk (_stream_readable.js:264:11)
    at Socket.Readable.push (_stream_readable.js:219:10)
    at Pipe.onStreamRead [as onread] (internal/stream_base_commons.js:94:17): Error: <semantic> TypeScript Server Error (3.6.2)
Debug Failure.
Error: Debug Failure.
    at Object.assertDefined (tsserver.js:2101:24)
    at getRangeToExtract (tsserver.js:122796:43)
    at Object.getAvailableActions (tsserver.js:122760:28)
    at tsserver.js:115823:128
    at getIterator (tsserver.js:637:23)
    at Object.next (tsserver.js:632:35)
    at Object.arrayFrom (tsserver.js:1276:88)
    at Object.getApplicableRefactors (tsserver.js:115822:23)
    at Object.getApplicableRefactors (tsserver.js:126023:32)
    at IOSession.Session.getApplicableRefactors (tsserver.js:134935:53)
    at Session.handlers.ts.createMapFromTemplate._a.(anonymous function) (tsserver.js:133790:61)
    at tsserver.js:135178:88
    at IOSession.Session.executeWithRequestId (tsserver.js:135169:28)
    at IOSession.Session.executeCommand (tsserver.js:135178:33)
    at IOSession.Session.onMessage (tsserver.js:135201:35)
    at Interface.<anonymous> (tsserver.js:136516:27)
    at Interface.emit (events.js:182:13)
    at Interface._onLine (readline.js:290:10)
    at Interface._normalWrite (readline.js:433:12)
    at Socket.ondata (readline.js:149:10)
    at Socket.emit (events.js:182:13)
    at addChunk (_stream_readable.js:283:12)
    at readableAddChunk (_stream_readable.js:264:11)
    at Socket.Readable.push (_stream_readable.js:219:10)
    at Pipe.onStreamRead [as onread] (internal/stream_base_commons.js:94:17)
	at Function.create (/usr/share/code/resources/app/extensions/typescript-language-features/dist/extension.js:53:63463)
	at h.dispatchResponse (/usr/share/code/resources/app/extensions/typescript-language-features/dist/extension.js:53:56618)
	at h.dispatchMessage (/usr/share/code/resources/app/extensions/typescript-language-features/dist/extension.js:53:55516)
	at constructor._reader.onData.e (/usr/share/code/resources/app/extensions/typescript-language-features/dist/extension.js:53:54992)
	at u.fire (/usr/share/code/resources/app/out/vs/workbench/services/extensions/node/extensionHostProcess.js:50:207)
	at t.Reader.onLengthData (/usr/share/code/resources/app/extensions/typescript-language-features/dist/extension.js:53:61683)
	at Socket.t.Reader.constructor.e.on.e (/usr/share/code/resources/app/extensions/typescript-language-features/dist/extension.js:53:61331)
	at Socket.emit (events.js:182:13)
	at addChunk (_stream_readable.js:283:12)
	at readableAddChunk (_stream_readable.js:264:11)
	at Socket.Readable.push (_stream_readable.js:219:10)
	at Pipe.onStreamRead [as onread] (internal/stream_base_commons.js:94:17)
[2019-09-11 21:10:13.324] [renderer1] [error] <semantic> TypeScript Server Error (3.6.2)
Cannot read property 'parent' of undefined
TypeError: Cannot read property 'parent' of undefined
    at Object.deleteDeclaration (tsserver.js:115598:56)
    at _loop_9 (tsserver.js:115190:47)
    at ChangeTracker.finishDeleteDeclarations (tsserver.js:115197:21)
    at ChangeTracker.getChanges (tsserver.js:115217:22)
    at Function.ChangeTracker.with (tsserver.js:114754:32)
    at Object.getCodeActions (tsserver.js:119748:68)
    at tsserver.js:115774:121
    at Object.flatMap (tsserver.js:583:25)
    at Object.getFixes (tsserver.js:115774:23)
    at tsserver.js:125788:35
    at Object.flatMap (tsserver.js:583:25)
    at Object.getCodeFixesAtPosition (tsserver.js:125786:23)
    at IOSession.Session.getCodeFixes (tsserver.js:134985:64)
    at Session.handlers.ts.createMapFromTemplate._a.(anonymous function) (tsserver.js:133772:61)
    at tsserver.js:135178:88
    at IOSession.Session.executeWithRequestId (tsserver.js:135169:28)
    at IOSession.Session.executeCommand (tsserver.js:135178:33)
    at IOSession.Session.onMessage (tsserver.js:135201:35)
    at Interface.<anonymous> (tsserver.js:136516:27)
    at Interface.emit (events.js:182:13)
    at Interface._onLine (readline.js:290:10)
    at Interface._normalWrite (readline.js:433:12)
    at Socket.ondata (readline.js:149:10)
    at Socket.emit (events.js:182:13)
    at addChunk (_stream_readable.js:283:12)
    at readableAddChunk (_stream_readable.js:264:11)
    at Socket.Readable.push (_stream_readable.js:219:10)
    at Pipe.onStreamRead [as onread] (internal/stream_base_commons.js:94:17): Error: <semantic> TypeScript Server Error (3.6.2)
Cannot read property 'parent' of undefined
TypeError: Cannot read property 'parent' of undefined
    at Object.deleteDeclaration (tsserver.js:115598:56)
    at _loop_9 (tsserver.js:115190:47)
    at ChangeTracker.finishDeleteDeclarations (tsserver.js:115197:21)
    at ChangeTracker.getChanges (tsserver.js:115217:22)
    at Function.ChangeTracker.with (tsserver.js:114754:32)
    at Object.getCodeActions (tsserver.js:119748:68)
    at tsserver.js:115774:121
    at Object.flatMap (tsserver.js:583:25)
    at Object.getFixes (tsserver.js:115774:23)
    at tsserver.js:125788:35
    at Object.flatMap (tsserver.js:583:25)
    at Object.getCodeFixesAtPosition (tsserver.js:125786:23)
    at IOSession.Session.getCodeFixes (tsserver.js:134985:64)
    at Session.handlers.ts.createMapFromTemplate._a.(anonymous function) (tsserver.js:133772:61)
    at tsserver.js:135178:88
    at IOSession.Session.executeWithRequestId (tsserver.js:135169:28)
    at IOSession.Session.executeCommand (tsserver.js:135178:33)
    at IOSession.Session.onMessage (tsserver.js:135201:35)
    at Interface.<anonymous> (tsserver.js:136516:27)
    at Interface.emit (events.js:182:13)
    at Interface._onLine (readline.js:290:10)
    at Interface._normalWrite (readline.js:433:12)
    at Socket.ondata (readline.js:149:10)
    at Socket.emit (events.js:182:13)
    at addChunk (_stream_readable.js:283:12)
    at readableAddChunk (_stream_readable.js:264:11)
    at Socket.Readable.push (_stream_readable.js:219:10)
    at Pipe.onStreamRead [as onread] (internal/stream_base_commons.js:94:17)
	at Function.create (/usr/share/code/resources/app/extensions/typescript-language-features/dist/extension.js:53:63463)
	at h.dispatchResponse (/usr/share/code/resources/app/extensions/typescript-language-features/dist/extension.js:53:56618)
	at h.dispatchMessage (/usr/share/code/resources/app/extensions/typescript-language-features/dist/extension.js:53:55516)
	at constructor._reader.onData.e (/usr/share/code/resources/app/extensions/typescript-language-features/dist/extension.js:53:54992)
	at u.fire (/usr/share/code/resources/app/out/vs/workbench/services/extensions/node/extensionHostProcess.js:50:207)
	at t.Reader.onLengthData (/usr/share/code/resources/app/extensions/typescript-language-features/dist/extension.js:53:61683)
	at Socket.t.Reader.constructor.e.on.e (/usr/share/code/resources/app/extensions/typescript-language-features/dist/extension.js:53:61331)
	at Socket.emit (events.js:182:13)
	at addChunk (_stream_readable.js:283:12)
	at readableAddChunk (_stream_readable.js:264:11)
	at Socket.Readable.push (_stream_readable.js:219:10)
	at Pipe.onStreamRead [as onread] (internal/stream_base_commons.js:94:17)
[2019-09-11 21:18:30.233] [renderer1] [error] <semantic> TypeScript Server Error (3.6.2)
Debug Failure. Special property assignment kind does not have a module as its parent. Assignment is { name: exports; flags: Property; declarations: PropertySignature }, parent is { name: NodeModule; flags: Interface; declarations: InterfaceDeclaration }
Error: Debug Failure. Special property assignment kind does not have a module as its parent. Assignment is { name: exports; flags: Property; declarations: PropertySignature }, parent is { name: NodeModule; flags: Interface; declarations: InterfaceDeclaration }
    at getSpecialPropertyExport (tsserver.js:105017:34)
    at getExport (tsserver.js:104990:32)
    at Object.getImportOrExportSymbol (tsserver.js:104946:53)
    at getImportOrExportReferences (tsserver.js:106386:56)
    at getReferencesAtLocation (tsserver.js:106318:17)
    at getReferencesInContainer (tsserver.js:106262:21)
    at getReferencesInContainerOrFiles (tsserver.js:105822:21)
    at getReferencedSymbolsForSymbol (tsserver.js:105813:21)
    at Object.getReferencedSymbolsForNode (tsserver.js:105614:34)
    at Object.getReferenceEntriesForNode (tsserver.js:105341:58)
    at getSemanticDocumentHighlights (tsserver.js:104031:57)
    at Object.getDocumentHighlights (tsserver.js:104019:20)
    at Object.getDocumentHighlights (tsserver.js:125577:42)
    at IOSession.Session.getDocumentHighlights (tsserver.js:134328:71)
    at Session.handlers.ts.createMapFromTemplate._a.(anonymous function) (tsserver.js:133752:61)
    at tsserver.js:135178:88
    at IOSession.Session.executeWithRequestId (tsserver.js:135169:28)
    at IOSession.Session.executeCommand (tsserver.js:135178:33)
    at IOSession.Session.onMessage (tsserver.js:135201:35)
    at Interface.<anonymous> (tsserver.js:136516:27)
    at Interface.emit (events.js:182:13)
    at Interface._onLine (readline.js:290:10)
    at Interface._normalWrite (readline.js:433:12)
    at Socket.ondata (readline.js:149:10)
    at Socket.emit (events.js:182:13)
    at addChunk (_stream_readable.js:283:12)
    at readableAddChunk (_stream_readable.js:264:11)
    at Socket.Readable.push (_stream_readable.js:219:10)
    at Pipe.onStreamRead [as onread] (internal/stream_base_commons.js:94:17): Error: <semantic> TypeScript Server Error (3.6.2)
Debug Failure. Special property assignment kind does not have a module as its parent. Assignment is { name: exports; flags: Property; declarations: PropertySignature }, parent is { name: NodeModule; flags: Interface; declarations: InterfaceDeclaration }
Error: Debug Failure. Special property assignment kind does not have a module as its parent. Assignment is { name: exports; flags: Property; declarations: PropertySignature }, parent is { name: NodeModule; flags: Interface; declarations: InterfaceDeclaration }
    at getSpecialPropertyExport (tsserver.js:105017:34)
    at getExport (tsserver.js:104990:32)
    at Object.getImportOrExportSymbol (tsserver.js:104946:53)
    at getImportOrExportReferences (tsserver.js:106386:56)
    at getReferencesAtLocation (tsserver.js:106318:17)
    at getReferencesInContainer (tsserver.js:106262:21)
    at getReferencesInContainerOrFiles (tsserver.js:105822:21)
    at getReferencedSymbolsForSymbol (tsserver.js:105813:21)
    at Object.getReferencedSymbolsForNode (tsserver.js:105614:34)
    at Object.getReferenceEntriesForNode (tsserver.js:105341:58)
    at getSemanticDocumentHighlights (tsserver.js:104031:57)
    at Object.getDocumentHighlights (tsserver.js:104019:20)
    at Object.getDocumentHighlights (tsserver.js:125577:42)
    at IOSession.Session.getDocumentHighlights (tsserver.js:134328:71)
    at Session.handlers.ts.createMapFromTemplate._a.(anonymous function) (tsserver.js:133752:61)
    at tsserver.js:135178:88
    at IOSession.Session.executeWithRequestId (tsserver.js:135169:28)
    at IOSession.Session.executeCommand (tsserver.js:135178:33)
    at IOSession.Session.onMessage (tsserver.js:135201:35)
    at Interface.<anonymous> (tsserver.js:136516:27)
    at Interface.emit (events.js:182:13)
    at Interface._onLine (readline.js:290:10)
    at Interface._normalWrite (readline.js:433:12)
    at Socket.ondata (readline.js:149:10)
    at Socket.emit (events.js:182:13)
    at addChunk (_stream_readable.js:283:12)
    at readableAddChunk (_stream_readable.js:264:11)
    at Socket.Readable.push (_stream_readable.js:219:10)
    at Pipe.onStreamRead [as onread] (internal/stream_base_commons.js:94:17)
	at Function.create (/usr/share/code/resources/app/extensions/typescript-language-features/dist/extension.js:53:63463)
	at h.dispatchResponse (/usr/share/code/resources/app/extensions/typescript-language-features/dist/extension.js:53:56618)
	at h.dispatchMessage (/usr/share/code/resources/app/extensions/typescript-language-features/dist/extension.js:53:55516)
	at constructor._reader.onData.e (/usr/share/code/resources/app/extensions/typescript-language-features/dist/extension.js:53:54992)
	at u.fire (/usr/share/code/resources/app/out/vs/workbench/services/extensions/node/extensionHostProcess.js:50:207)
	at t.Reader.onLengthData (/usr/share/code/resources/app/extensions/typescript-language-features/dist/extension.js:53:61683)
	at Socket.t.Reader.constructor.e.on.e (/usr/share/code/resources/app/extensions/typescript-language-features/dist/extension.js:53:61331)
	at Socket.emit (events.js:182:13)
	at addChunk (_stream_readable.js:283:12)
	at readableAddChunk (_stream_readable.js:264:11)
	at Socket.Readable.push (_stream_readable.js:219:10)
	at Pipe.onStreamRead [as onread] (internal/stream_base_commons.js:94:17)
[2019-09-11 21:18:31.230] [renderer1] [error] <semantic> TypeScript Server Error (3.6.2)
Debug Failure. Special property assignment kind does not have a module as its parent. Assignment is { name: exports; flags: Property; declarations: PropertySignature }, parent is { name: NodeModule; flags: Interface; declarations: InterfaceDeclaration }
Error: Debug Failure. Special property assignment kind does not have a module as its parent. Assignment is { name: exports; flags: Property; declarations: PropertySignature }, parent is { name: NodeModule; flags: Interface; declarations: InterfaceDeclaration }
    at getSpecialPropertyExport (tsserver.js:105017:34)
    at getExport (tsserver.js:104990:32)
    at Object.getImportOrExportSymbol (tsserver.js:104946:53)
    at getImportOrExportReferences (tsserver.js:106386:56)
    at getReferencesAtLocation (tsserver.js:106318:17)
    at getReferencesInContainer (tsserver.js:106262:21)
    at getReferencesInSourceFile (tsserver.js:106249:24)
    at searchForName (tsserver.js:106053:21)
    at getReferencesInContainerOrFiles (tsserver.js:105829:25)
    at getReferencedSymbolsForSymbol (tsserver.js:105813:21)
    at Object.getReferencedSymbolsForNode (tsserver.js:105614:34)
    at Object.getReferenceEntriesForNode (tsserver.js:105341:58)
    at getSemanticDocumentHighlights (tsserver.js:104031:57)
    at Object.getDocumentHighlights (tsserver.js:104019:20)
    at Object.getDocumentHighlights (tsserver.js:125577:42)
    at IOSession.Session.getDocumentHighlights (tsserver.js:134328:71)
    at Session.handlers.ts.createMapFromTemplate._a.(anonymous function) (tsserver.js:133752:61)
    at tsserver.js:135178:88
    at IOSession.Session.executeWithRequestId (tsserver.js:135169:28)
    at IOSession.Session.executeCommand (tsserver.js:135178:33)
    at IOSession.Session.onMessage (tsserver.js:135201:35)
    at Interface.<anonymous> (tsserver.js:136516:27)
    at Interface.emit (events.js:182:13)
    at Interface._onLine (readline.js:290:10)
    at Interface._normalWrite (readline.js:433:12)
    at Socket.ondata (readline.js:149:10)
    at Socket.emit (events.js:182:13)
    at addChunk (_stream_readable.js:283:12)
    at readableAddChunk (_stream_readable.js:264:11)
    at Socket.Readable.push (_stream_readable.js:219:10)
    at Pipe.onStreamRead [as onread] (internal/stream_base_commons.js:94:17): Error: <semantic> TypeScript Server Error (3.6.2)
Debug Failure. Special property assignment kind does not have a module as its parent. Assignment is { name: exports; flags: Property; declarations: PropertySignature }, parent is { name: NodeModule; flags: Interface; declarations: InterfaceDeclaration }
Error: Debug Failure. Special property assignment kind does not have a module as its parent. Assignment is { name: exports; flags: Property; declarations: PropertySignature }, parent is { name: NodeModule; flags: Interface; declarations: InterfaceDeclaration }
    at getSpecialPropertyExport (tsserver.js:105017:34)
    at getExport (tsserver.js:104990:32)
    at Object.getImportOrExportSymbol (tsserver.js:104946:53)
    at getImportOrExportReferences (tsserver.js:106386:56)
    at getReferencesAtLocation (tsserver.js:106318:17)
    at getReferencesInContainer (tsserver.js:106262:21)
    at getReferencesInSourceFile (tsserver.js:106249:24)
    at searchForName (tsserver.js:106053:21)
    at getReferencesInContainerOrFiles (tsserver.js:105829:25)
    at getReferencedSymbolsForSymbol (tsserver.js:105813:21)
    at Object.getReferencedSymbolsForNode (tsserver.js:105614:34)
    at Object.getReferenceEntriesForNode (tsserver.js:105341:58)
    at getSemanticDocumentHighlights (tsserver.js:104031:57)
    at Object.getDocumentHighlights (tsserver.js:104019:20)
    at Object.getDocumentHighlights (tsserver.js:125577:42)
    at IOSession.Session.getDocumentHighlights (tsserver.js:134328:71)
    at Session.handlers.ts.createMapFromTemplate._a.(anonymous function) (tsserver.js:133752:61)
    at tsserver.js:135178:88
    at IOSession.Session.executeWithRequestId (tsserver.js:135169:28)
    at IOSession.Session.executeCommand (tsserver.js:135178:33)
    at IOSession.Session.onMessage (tsserver.js:135201:35)
    at Interface.<anonymous> (tsserver.js:136516:27)
    at Interface.emit (events.js:182:13)
    at Interface._onLine (readline.js:290:10)
    at Interface._normalWrite (readline.js:433:12)
    at Socket.ondata (readline.js:149:10)
    at Socket.emit (events.js:182:13)
    at addChunk (_stream_readable.js:283:12)
    at readableAddChunk (_stream_readable.js:264:11)
    at Socket.Readable.push (_stream_readable.js:219:10)
    at Pipe.onStreamRead [as onread] (internal/stream_base_commons.js:94:17)
	at Function.create (/usr/share/code/resources/app/extensions/typescript-language-features/dist/extension.js:53:63463)
	at h.dispatchResponse (/usr/share/code/resources/app/extensions/typescript-language-features/dist/extension.js:53:56618)
	at h.dispatchMessage (/usr/share/code/resources/app/extensions/typescript-language-features/dist/extension.js:53:55516)
	at constructor._reader.onData.e (/usr/share/code/resources/app/extensions/typescript-language-features/dist/extension.js:53:54992)
	at u.fire (/usr/share/code/resources/app/out/vs/workbench/services/extensions/node/extensionHostProcess.js:50:207)
	at t.Reader.onLengthData (/usr/share/code/resources/app/extensions/typescript-language-features/dist/extension.js:53:61683)
	at Socket.t.Reader.constructor.e.on.e (/usr/share/code/resources/app/extensions/typescript-language-features/dist/extension.js:53:61331)
	at Socket.emit (events.js:182:13)
	at addChunk (_stream_readable.js:283:12)
	at readableAddChunk (_stream_readable.js:264:11)
	at Socket.Readable.push (_stream_readable.js:219:10)
	at Pipe.onStreamRead [as onread] (internal/stream_base_commons.js:94:17)
[2019-09-11 21:55:30.142] [renderer1] [error] <semantic> TypeScript Server Error (3.6.2)
Debug Failure.
Error: Debug Failure.
    at Object.assertDefined (tsserver.js:2101:24)
    at getRangeToExtract (tsserver.js:122796:43)
    at Object.getAvailableActions (tsserver.js:122760:28)
    at tsserver.js:115823:128
    at getIterator (tsserver.js:637:23)
    at Object.next (tsserver.js:632:35)
    at Object.arrayFrom (tsserver.js:1276:40)
    at Object.getApplicableRefactors (tsserver.js:115822:23)
    at Object.getApplicableRefactors (tsserver.js:126023:32)
    at IOSession.Session.getApplicableRefactors (tsserver.js:134935:53)
    at Session.handlers.ts.createMapFromTemplate._a.(anonymous function) (tsserver.js:133790:61)
    at tsserver.js:135178:88
    at IOSession.Session.executeWithRequestId (tsserver.js:135169:28)
    at IOSession.Session.executeCommand (tsserver.js:135178:33)
    at IOSession.Session.onMessage (tsserver.js:135201:35)
    at Interface.<anonymous> (tsserver.js:136516:27)
    at Interface.emit (events.js:182:13)
    at Interface._onLine (readline.js:290:10)
    at Interface._normalWrite (readline.js:433:12)
    at Socket.ondata (readline.js:149:10)
    at Socket.emit (events.js:182:13)
    at addChunk (_stream_readable.js:283:12)
    at readableAddChunk (_stream_readable.js:264:11)
    at Socket.Readable.push (_stream_readable.js:219:10)
    at Pipe.onStreamRead [as onread] (internal/stream_base_commons.js:94:17): Error: <semantic> TypeScript Server Error (3.6.2)
Debug Failure.
Error: Debug Failure.
    at Object.assertDefined (tsserver.js:2101:24)
    at getRangeToExtract (tsserver.js:122796:43)
    at Object.getAvailableActions (tsserver.js:122760:28)
    at tsserver.js:115823:128
    at getIterator (tsserver.js:637:23)
    at Object.next (tsserver.js:632:35)
    at Object.arrayFrom (tsserver.js:1276:40)
    at Object.getApplicableRefactors (tsserver.js:115822:23)
    at Object.getApplicableRefactors (tsserver.js:126023:32)
    at IOSession.Session.getApplicableRefactors (tsserver.js:134935:53)
    at Session.handlers.ts.createMapFromTemplate._a.(anonymous function) (tsserver.js:133790:61)
    at tsserver.js:135178:88
    at IOSession.Session.executeWithRequestId (tsserver.js:135169:28)
    at IOSession.Session.executeCommand (tsserver.js:135178:33)
    at IOSession.Session.onMessage (tsserver.js:135201:35)
    at Interface.<anonymous> (tsserver.js:136516:27)
    at Interface.emit (events.js:182:13)
    at Interface._onLine (readline.js:290:10)
    at Interface._normalWrite (readline.js:433:12)
    at Socket.ondata (readline.js:149:10)
    at Socket.emit (events.js:182:13)
    at addChunk (_stream_readable.js:283:12)
    at readableAddChunk (_stream_readable.js:264:11)
    at Socket.Readable.push (_stream_readable.js:219:10)
    at Pipe.onStreamRead [as onread] (internal/stream_base_commons.js:94:17)
	at Function.create (/usr/share/code/resources/app/extensions/typescript-language-features/dist/extension.js:53:63463)
	at h.dispatchResponse (/usr/share/code/resources/app/extensions/typescript-language-features/dist/extension.js:53:56618)
	at h.dispatchMessage (/usr/share/code/resources/app/extensions/typescript-language-features/dist/extension.js:53:55516)
	at constructor._reader.onData.e (/usr/share/code/resources/app/extensions/typescript-language-features/dist/extension.js:53:54992)
	at u.fire (/usr/share/code/resources/app/out/vs/workbench/services/extensions/node/extensionHostProcess.js:50:207)
	at t.Reader.onLengthData (/usr/share/code/resources/app/extensions/typescript-language-features/dist/extension.js:53:61683)
	at Socket.t.Reader.constructor.e.on.e (/usr/share/code/resources/app/extensions/typescript-language-features/dist/extension.js:53:61331)
	at Socket.emit (events.js:182:13)
	at addChunk (_stream_readable.js:283:12)
	at readableAddChunk (_stream_readable.js:264:11)
	at Socket.Readable.push (_stream_readable.js:219:10)
	at Pipe.onStreamRead [as onread] (internal/stream_base_commons.js:94:17)
[2019-09-11 21:58:17.823] [renderer1] [error] <semantic> TypeScript Server Error (3.6.2)
Debug Failure.
Error: Debug Failure.
    at Object.assertDefined (tsserver.js:2101:24)
    at getRangeToExtract (tsserver.js:122796:43)
    at Object.getAvailableActions (tsserver.js:122760:28)
    at tsserver.js:115823:128
    at getIterator (tsserver.js:637:23)
    at Object.next (tsserver.js:632:35)
    at Object.arrayFrom (tsserver.js:1276:40)
    at Object.getApplicableRefactors (tsserver.js:115822:23)
    at Object.getApplicableRefactors (tsserver.js:126023:32)
    at IOSession.Session.getApplicableRefactors (tsserver.js:134935:53)
    at Session.handlers.ts.createMapFromTemplate._a.(anonymous function) (tsserver.js:133790:61)
    at tsserver.js:135178:88
    at IOSession.Session.executeWithRequestId (tsserver.js:135169:28)
    at IOSession.Session.executeCommand (tsserver.js:135178:33)
    at IOSession.Session.onMessage (tsserver.js:135201:35)
    at Interface.<anonymous> (tsserver.js:136516:27)
    at Interface.emit (events.js:182:13)
    at Interface._onLine (readline.js:290:10)
    at Interface._normalWrite (readline.js:433:12)
    at Socket.ondata (readline.js:149:10)
    at Socket.emit (events.js:182:13)
    at addChunk (_stream_readable.js:283:12)
    at readableAddChunk (_stream_readable.js:264:11)
    at Socket.Readable.push (_stream_readable.js:219:10)
    at Pipe.onStreamRead [as onread] (internal/stream_base_commons.js:94:17): Error: <semantic> TypeScript Server Error (3.6.2)
Debug Failure.
Error: Debug Failure.
    at Object.assertDefined (tsserver.js:2101:24)
    at getRangeToExtract (tsserver.js:122796:43)
    at Object.getAvailableActions (tsserver.js:122760:28)
    at tsserver.js:115823:128
    at getIterator (tsserver.js:637:23)
    at Object.next (tsserver.js:632:35)
    at Object.arrayFrom (tsserver.js:1276:40)
    at Object.getApplicableRefactors (tsserver.js:115822:23)
    at Object.getApplicableRefactors (tsserver.js:126023:32)
    at IOSession.Session.getApplicableRefactors (tsserver.js:134935:53)
    at Session.handlers.ts.createMapFromTemplate._a.(anonymous function) (tsserver.js:133790:61)
    at tsserver.js:135178:88
    at IOSession.Session.executeWithRequestId (tsserver.js:135169:28)
    at IOSession.Session.executeCommand (tsserver.js:135178:33)
    at IOSession.Session.onMessage (tsserver.js:135201:35)
    at Interface.<anonymous> (tsserver.js:136516:27)
    at Interface.emit (events.js:182:13)
    at Interface._onLine (readline.js:290:10)
    at Interface._normalWrite (readline.js:433:12)
    at Socket.ondata (readline.js:149:10)
    at Socket.emit (events.js:182:13)
    at addChunk (_stream_readable.js:283:12)
    at readableAddChunk (_stream_readable.js:264:11)
    at Socket.Readable.push (_stream_readable.js:219:10)
    at Pipe.onStreamRead [as onread] (internal/stream_base_commons.js:94:17)
	at Function.create (/usr/share/code/resources/app/extensions/typescript-language-features/dist/extension.js:53:63463)
	at h.dispatchResponse (/usr/share/code/resources/app/extensions/typescript-language-features/dist/extension.js:53:56618)
	at h.dispatchMessage (/usr/share/code/resources/app/extensions/typescript-language-features/dist/extension.js:53:55516)
	at constructor._reader.onData.e (/usr/share/code/resources/app/extensions/typescript-language-features/dist/extension.js:53:54992)
	at u.fire (/usr/share/code/resources/app/out/vs/workbench/services/extensions/node/extensionHostProcess.js:50:207)
	at t.Reader.onLengthData (/usr/share/code/resources/app/extensions/typescript-language-features/dist/extension.js:53:61683)
	at Socket.t.Reader.constructor.e.on.e (/usr/share/code/resources/app/extensions/typescript-language-features/dist/extension.js:53:61331)
	at Socket.emit (events.js:182:13)
	at addChunk (_stream_readable.js:283:12)
	at readableAddChunk (_stream_readable.js:264:11)
	at Socket.Readable.push (_stream_readable.js:219:10)
	at Pipe.onStreamRead [as onread] (internal/stream_base_commons.js:94:17)
